<?xml version="1.0" encoding="UTF-8"?>
<testng-results ignored="0" total="1" passed="1" failed="0" skipped="0">
  <reporter-output>
  </reporter-output>
  <suite started-at="2023-09-14T15:04:45 IST" name="Default suite" finished-at="2023-09-14T15:04:50 IST" duration-ms="5714">
    <groups>
    </groups>
    <test started-at="2023-09-14T15:04:45 IST" name="Default test" finished-at="2023-09-14T15:04:50 IST" duration-ms="5714">
      <class name="testUI.VerifyTitleTest">
        <test-method signature="titleTest()[pri:0, instance:testUI.VerifyTitleTest@78123e82]" started-at="2023-09-14T15:04:45 IST" name="titleTest" finished-at="2023-09-14T15:04:50 IST" duration-ms="5678" status="PASS">
          <reporter-output>
          </reporter-output>
        </test-method> <!-- titleTest -->
      </class> <!-- testUI.VerifyTitleTest -->
    </test> <!-- Default test -->
  </suite> <!-- Default suite -->
</testng-results>
